*** Using Compiler 'V5.06 update 5 (build 528)', folder: 'D:\Application\Keil5 C51\ARM\ARMCC\Bin'
Rebuild target 'Target 1'
assembling startup_stm32f10x_md.s...
compiling core_cm3.c...
compiling stm32f10x_dac.c...
compiling stm32f10x_cec.c...
compiling stm32f10x_crc.c...
compiling system_stm32f10x.c...
compiling stm32f10x_adc.c...
compiling stm32f10x_dma.c...
compiling stm32f10x_spi.c...
compiling stm32f10x_gpio.c...
compiling stm32f10x_iwdg.c...
compiling stm32f10x_fsmc.c...
compiling stm32f10x_exti.c...
compiling stm32f10x_tim.c...
compiling stm32f10x_can.c...
compiling stm32f10x_rtc.c...
compiling stm32f10x_dbgmcu.c...
compiling stm32f10x_pwr.c...
compiling stm32f10x_i2c.c...
compiling misc.c...
compiling PWM.c...
compiling robot.c...
compiling Serial.c...
compiling stm32f10x_wwdg.c...
compiling Incontrol.c...
compiling Key.c...
compiling Irobstacle.c...
compiling stm32f10x_sdio.c...
compiling stm32f10x_flash.c...
compiling Delay.c...
compiling stm32f10x_bkp.c...
compiling LEDSEG.c...
Hardware\LEDSEG.c(39): warning:  #188-D: enumerated type mixed with another type
          GPIO_WriteBit(
PIOA, (GPIO_PIN)(1 << i), (display_val >> i) & 0x01);
Hardware\LEDSEG.c: 1 warning, 0 errors
compiling stm32f10x_rcc.c...
compiling stm32f10x_usart.c...
compiling Irtracking.c...
compiling stm32f10x_it.c...
compiling main.c...
.\Hardware\Incontrol.h(5): warning:  #1295-D: Deprecated declaration IRremote_Counttime - give arg types
  uint8_t IRremote_Counttime();  // 红外遥控器计数时间
User\main.c: 1 warning, 0 errors
linking...
Program Size: Code=8676 RO-data=268 RW-data=44 ZI-data=1028  
FromELF: creating hex file...
".\Objects\Project.axf" - 0 Error(s), 2 Warning(s).
Build Time Elapsed:  00:00:02
